<?xml version="1.0" encoding="UTF-8"?><testsuite errors="0" failures="1" name="Registro Usuario" skipped="0" tests="1" time="99.88" timestamp="2022-08-16 03:14:34"><testcase name="Registro usuario exitoso"><failure message="&#13;&#10;Expected: &lt;true&gt;&#13;&#10;     but: was &lt;false&gt;" type="java.lang.AssertionError">&#13;
Expected: &lt;true&gt;&#13;
     but: was &lt;false&gt;</failure><system-err>&#13;
Expected: &lt;true&gt;&#13;
     but: was &lt;false&gt;&#13;
co.com.linio.StepDefinitions.RegistroStepDefinition.elUsuarioVisualizaUnaVentanaConUnMensajeEstásAUnSoloPaso(RegistroStepDefinition.java:49)&#13;
✽.el usuario visualiza una ventana con un mensaje ¡Estás a un solo paso!(file:///C:/Users/57312/IdeaProjects/RetoScreenplay/src/test/resources/features/Registro.feature:7)&#13;
</system-err></testcase></testsuite>